Using pre-set license
Built from '2021.3/staging' branch; Version is '2021.3.2f1 (d6360bedb9a0) revision 14038539'; Using compiler version '192829333'; Build Type 'Release'
OS: 'Windows 10  (10.0.19044) 64bit Core' Language: 'fr' Physical Memory: 16205 MB
BatchMode: 1, IsHumanControllingUs: 0, StartBugReporterOnCrash: 0, Is64bit: 1, IsPro: 1

COMMAND LINE ARGUMENTS:
C:\Program Files\Unity\Hub\Editor\2021.3.2f1\Editor\Unity.exe
-adb2
-batchMode
-noUpm
-name
AssetImportWorker2
-projectPath
C:/Users/henri/Project Unity
-logFile
Logs/AssetImportWorker2.log
-srvPort
50322
Successfully changed project path to: C:/Users/henri/Project Unity
C:/Users/henri/Project Unity
[UnityMemory] Configuration Parameters - Can be set up in boot.config
    "memorysetup-bucket-allocator-granularity=16"
    "memorysetup-bucket-allocator-bucket-count=8"
    "memorysetup-bucket-allocator-block-size=33554432"
    "memorysetup-bucket-allocator-block-count=8"
    "memorysetup-main-allocator-block-size=16777216"
    "memorysetup-thread-allocator-block-size=16777216"
    "memorysetup-gfx-main-allocator-block-size=16777216"
    "memorysetup-gfx-thread-allocator-block-size=16777216"
    "memorysetup-cache-allocator-block-size=4194304"
    "memorysetup-typetree-allocator-block-size=2097152"
    "memorysetup-profiler-bucket-allocator-granularity=16"
    "memorysetup-profiler-bucket-allocator-bucket-count=8"
    "memorysetup-profiler-bucket-allocator-block-size=33554432"
    "memorysetup-profiler-bucket-allocator-block-count=8"
    "memorysetup-profiler-allocator-block-size=16777216"
    "memorysetup-profiler-editor-allocator-block-size=1048576"
    "memorysetup-temp-allocator-size-main=16777216"
    "memorysetup-job-temp-allocator-block-size=2097152"
    "memorysetup-job-temp-allocator-block-size-background=1048576"
    "memorysetup-job-temp-allocator-reduction-small-platforms=262144"
    "memorysetup-temp-allocator-size-background-worker=32768"
    "memorysetup-temp-allocator-size-job-worker=262144"
    "memorysetup-temp-allocator-size-preload-manager=33554432"
    "memorysetup-temp-allocator-size-nav-mesh-worker=65536"
    "memorysetup-temp-allocator-size-audio-worker=65536"
    "memorysetup-temp-allocator-size-cloud-worker=32768"
    "memorysetup-temp-allocator-size-gi-baking-worker=262144"
    "memorysetup-temp-allocator-size-gfx=262144"
Refreshing native plugins compatible for Editor in 87.94 ms, found 3 plugins.
Preloading 0 native plugins for Editor in 0.00 ms.
Initialize engine version: 2021.3.2f1 (d6360bedb9a0)
[Subsystems] Discovering subsystems at path C:/Program Files/Unity/Hub/Editor/2021.3.2f1/Editor/Data/Resources/UnitySubsystems
[Subsystems] Discovering subsystems at path C:/Users/henri/Project Unity/Assets
GfxDevice: creating device client; threaded=0; jobified=0
Direct3D:
    Version:  Direct3D 11.0 [level 11.1]
    Renderer: NVIDIA GeForce RTX 3050 Ti Laptop GPU (ID=0x25a0)
    Vendor:   NVIDIA
    VRAM:     3990 MB
    Driver:   30.0.15.1123
Initialize mono
Mono path[0] = 'C:/Program Files/Unity/Hub/Editor/2021.3.2f1/Editor/Data/Managed'
Mono path[1] = 'C:/Program Files/Unity/Hub/Editor/2021.3.2f1/Editor/Data/MonoBleedingEdge/lib/mono/unityjit-win32'
Mono config path = 'C:/Program Files/Unity/Hub/Editor/2021.3.2f1/Editor/Data/MonoBleedingEdge/etc'
Using monoOptions --debugger-agent=transport=dt_socket,embedding=1,server=y,suspend=n,address=127.0.0.1:56188
Begin MonoManager ReloadAssembly
Registering precompiled unity dll's ...
Register platform support module: C:/Program Files/Unity/Hub/Editor/2021.3.2f1/Editor/Data/PlaybackEngines/WebGLSupport/UnityEditor.WebGL.Extensions.dll
Register platform support module: C:/Program Files/Unity/Hub/Editor/2021.3.2f1/Editor/Data/PlaybackEngines/WindowsStandaloneSupport/UnityEditor.WindowsStandalone.Extensions.dll
Registered in 0.008397 seconds.
Native extension for WindowsStandalone target not found
Native extension for WebGL target not found
Refreshing native plugins compatible for Editor in 77.51 ms, found 3 plugins.
Preloading 0 native plugins for Editor in 0.00 ms.
Mono: successfully reloaded assembly
- Completed reload, in  0.635 seconds
Domain Reload Profiling:
	ReloadAssembly (636ms)
		BeginReloadAssembly (86ms)
			ExecutionOrderSort (0ms)
			DisableScriptedObjects (0ms)
			BackupInstance (0ms)
			ReleaseScriptingObjects (0ms)
			CreateAndSetChildDomain (1ms)
		EndReloadAssembly (434ms)
			LoadAssemblies (84ms)
			RebuildTransferFunctionScriptingTraits (0ms)
			SetupTypeCache (98ms)
			ReleaseScriptCaches (0ms)
			RebuildScriptCaches (26ms)
			SetupLoadedEditorAssemblies (261ms)
				LogAssemblyErrors (0ms)
				InitializePlatformSupportModulesInManaged (9ms)
				SetLoadedEditorAssemblies (0ms)
				RefreshPlugins (78ms)
				BeforeProcessingInitializeOnLoad (1ms)
				ProcessInitializeOnLoadAttributes (131ms)
				ProcessInitializeOnLoadMethodAttributes (42ms)
				AfterProcessingInitializeOnLoad (0ms)
				EditorAssembliesLoaded (0ms)
			ExecutionOrderSort2 (0ms)
			AwakeInstancesAfterBackupRestoration (0ms)
Platform modules already initialized, skipping
Registering precompiled user dll's ...
Registered in 0.005352 seconds.
Begin MonoManager ReloadAssembly
Symbol file LoadedFromMemory doesn't match image C:\Users\henri\Project Unity\Library\PackageCache\com.unity.visualscripting@1.7.6\Editor\VisualScripting.Core\Dependencies\YamlDotNet\Unity.VisualScripting.YamlDotNet.dll
Symbol file LoadedFromMemory doesn't match image C:\Users\henri\Project Unity\Library\PackageCache\com.unity.visualscripting@1.7.6\Editor\VisualScripting.Core\Dependencies\DotNetZip\Unity.VisualScripting.IonicZip.dll
Native extension for WindowsStandalone target not found
Native extension for WebGL target not found
Refreshing native plugins compatible for Editor in 0.52 ms, found 3 plugins.
Preloading 0 native plugins for Editor in 0.00 ms.
Mono: successfully reloaded assembly
- Completed reload, in  0.935 seconds
Domain Reload Profiling:
	ReloadAssembly (936ms)
		BeginReloadAssembly (99ms)
			ExecutionOrderSort (0ms)
			DisableScriptedObjects (5ms)
			BackupInstance (0ms)
			ReleaseScriptingObjects (0ms)
			CreateAndSetChildDomain (16ms)
		EndReloadAssembly (728ms)
			LoadAssemblies (71ms)
			RebuildTransferFunctionScriptingTraits (0ms)
			SetupTypeCache (233ms)
			ReleaseScriptCaches (1ms)
			RebuildScriptCaches (43ms)
			SetupLoadedEditorAssemblies (341ms)
				LogAssemblyErrors (0ms)
				InitializePlatformSupportModulesInManaged (8ms)
				SetLoadedEditorAssemblies (0ms)
				RefreshPlugins (1ms)
				BeforeProcessingInitializeOnLoad (84ms)
				ProcessInitializeOnLoadAttributes (216ms)
				ProcessInitializeOnLoadMethodAttributes (24ms)
				AfterProcessingInitializeOnLoad (8ms)
				EditorAssembliesLoaded (0ms)
			ExecutionOrderSort2 (0ms)
			AwakeInstancesAfterBackupRestoration (5ms)
Platform modules already initialized, skipping
========================================================================
Worker process is ready to serve import requests
Launched and connected shader compiler UnityShaderCompiler.exe after 0.06 seconds
Refreshing native plugins compatible for Editor in 0.48 ms, found 3 plugins.
Preloading 0 native plugins for Editor in 0.00 ms.
Unloading 3360 Unused Serialized files (Serialized files now loaded: 0)
Unloading 26 unused Assets / (112.2 KB). Loaded Objects now: 3817.
Memory consumption went from 115.7 MB to 115.6 MB.
Total: 3.006900 ms (FindLiveObjects: 0.365700 ms CreateObjectMapping: 0.350700 ms MarkObjects: 2.200100 ms  DeleteObjects: 0.089500 ms)

AssetImportParameters requested are different than current active one (requested -> active):
  custom:video-decoder-ogg-theora: a1e56fd34408186e4bbccfd4996cb3dc -> 
  custom:container-muxer-webm: aa71ff27fc2769a1b78a27578f13a17b -> 
  custom:container-demuxer-webm: 4f35f7cbe854078d1ac9338744f61a02 -> 
  custom:video-encoder-webm-vp8: eb34c28f22e8b96e1ab97ce403110664 -> 
  custom:audio-encoder-webm-vorbis: bf7c407c2cedff20999df2af8eb42d56 -> 
  custom:framework-win-MediaFoundation: 216162199b28c13a410421893ffa2e32 -> 
  custom:container-demuxer-ogg: 62fdf1f143b41e24485cea50d1cbac27 -> 
  custom:video-decoder-webm-vp8: 9c59270c3fd7afecdb556c50c9e8de78 -> 
  custom:audio-decoder-ogg-vorbis: bf7c407c2cedff20999df2af8eb42d56 -> 
========================================================================
Received Import Request.
  Time since last request: 647848.036987 seconds.
  path: Assets/SimpleNaturePack/Materials
  artifactKey: Guid(3f25702c5c7afec41b85b074bf76e4a4) Importer(815301076,1909f56bfc062723c751e8b465ee728b)
Start importing Assets/SimpleNaturePack/Materials using Guid(3f25702c5c7afec41b85b074bf76e4a4) Importer(815301076,1909f56bfc062723c751e8b465ee728b)  -> (artifact id: '77ab19ad66cb06bf705c7b584207b17f') in 0.011417 seconds 
========================================================================
Received Import Request.
  Time since last request: 0.071017 seconds.
  path: Assets/SimpleNaturePack/Materials/SimpleNaturePack_BG.mat
  artifactKey: Guid(886ecf0ee44718246aa083d8aad49b79) Importer(815301076,1909f56bfc062723c751e8b465ee728b)
Start importing Assets/SimpleNaturePack/Materials/SimpleNaturePack_BG.mat using Guid(886ecf0ee44718246aa083d8aad49b79) Importer(815301076,1909f56bfc062723c751e8b465ee728b)  -> (artifact id: '2ca85d139545a35b16798ef390a2af5c') in 0.111066 seconds 
========================================================================
Received Import Request.
  Time since last request: 21.306284 seconds.
  path: Assets/SimpleNaturePack/Models/Branch_01.fbx
  artifactKey: Guid(5528351815fd4c04abf537f22c7e18f1) Importer(815301076,1909f56bfc062723c751e8b465ee728b)
Start importing Assets/SimpleNaturePack/Models/Branch_01.fbx using Guid(5528351815fd4c04abf537f22c7e18f1) Importer(815301076,1909f56bfc062723c751e8b465ee728b)  -> (artifact id: 'a658452eb84ba53bf8ad089073ca18b1') in 0.188628 seconds 
========================================================================
Received Import Request.
  Time since last request: 0.000018 seconds.
  path: Assets/SimpleNaturePack/Models/Rock_02.fbx
  artifactKey: Guid(3a775dc2c1a334b45a5667a56fe92c23) Importer(815301076,1909f56bfc062723c751e8b465ee728b)
Start importing Assets/SimpleNaturePack/Models/Rock_02.fbx using Guid(3a775dc2c1a334b45a5667a56fe92c23) Importer(815301076,1909f56bfc062723c751e8b465ee728b)  -> (artifact id: 'd2b39bd8c65ce1d197d33aeeb93413e0') in 0.022098 seconds 
========================================================================
Received Import Request.
  Time since last request: 0.000039 seconds.
  path: Assets/SimpleNaturePack/Models/Tree_04.fbx
  artifactKey: Guid(83e8d2542718a2e49a73d71c3a5fc685) Importer(815301076,1909f56bfc062723c751e8b465ee728b)
Start importing Assets/SimpleNaturePack/Models/Tree_04.fbx using Guid(83e8d2542718a2e49a73d71c3a5fc685) Importer(815301076,1909f56bfc062723c751e8b465ee728b)  -> (artifact id: 'd43b868d5731762a75657785a9bcb238') in 0.022573 seconds 
========================================================================
Received Import Request.
  Time since last request: 0.000021 seconds.
  path: Assets/SimpleNaturePack/Models/Ground_02.fbx
  artifactKey: Guid(57d3eed6d2253d24994d5ad37e00aedc) Importer(815301076,1909f56bfc062723c751e8b465ee728b)
Start importing Assets/SimpleNaturePack/Models/Ground_02.fbx using Guid(57d3eed6d2253d24994d5ad37e00aedc) Importer(815301076,1909f56bfc062723c751e8b465ee728b)  -> (artifact id: '98052fbf3a9773c5664d1507af1473c4') in 0.025348 seconds 
========================================================================
Received Import Request.
  Time since last request: 0.000016 seconds.
  path: Assets/SimpleNaturePack/Models/Tree_01.fbx
  artifactKey: Guid(6c7eaede4efc960409fb9ef2dfb77f29) Importer(815301076,1909f56bfc062723c751e8b465ee728b)
Start importing Assets/SimpleNaturePack/Models/Tree_01.fbx using Guid(6c7eaede4efc960409fb9ef2dfb77f29) Importer(815301076,1909f56bfc062723c751e8b465ee728b)  -> (artifact id: 'a14053f277e6ba6d1fd1033a04ba6ecc') in 0.021369 seconds 
========================================================================
Received Import Request.
  Time since last request: 0.000026 seconds.
  path: Assets/SimpleNaturePack/Models/Tree_03.fbx
  artifactKey: Guid(69f0af3a0a6c73b4ab4b89eb82cdc488) Importer(815301076,1909f56bfc062723c751e8b465ee728b)
Start importing Assets/SimpleNaturePack/Models/Tree_03.fbx using Guid(69f0af3a0a6c73b4ab4b89eb82cdc488) Importer(815301076,1909f56bfc062723c751e8b465ee728b)  -> (artifact id: '97f0f87cabc27936fe8dc471c521a6db') in 0.032504 seconds 
========================================================================
Received Import Request.
  Time since last request: 0.000015 seconds.
  path: Assets/SimpleNaturePack/Models/Flowers_02.fbx
  artifactKey: Guid(8ea980fdc4aa5e749b000c1a0d4b9bbc) Importer(815301076,1909f56bfc062723c751e8b465ee728b)
Start importing Assets/SimpleNaturePack/Models/Flowers_02.fbx using Guid(8ea980fdc4aa5e749b000c1a0d4b9bbc) Importer(815301076,1909f56bfc062723c751e8b465ee728b)  -> (artifact id: 'ca393c54b2b05a6be294798f2cb0b244') in 0.028792 seconds 
========================================================================
Received Import Request.
  Time since last request: 0.000019 seconds.
  path: Assets/SimpleNaturePack/Models/Flowers_01.fbx
  artifactKey: Guid(b5a80b3e2a089b841b155d7c7f461e7c) Importer(815301076,1909f56bfc062723c751e8b465ee728b)
Start importing Assets/SimpleNaturePack/Models/Flowers_01.fbx using Guid(b5a80b3e2a089b841b155d7c7f461e7c) Importer(815301076,1909f56bfc062723c751e8b465ee728b)  -> (artifact id: '2fab5fabf869ca9b9ddafa7c6461c3a3') in 0.017196 seconds 
========================================================================
Received Import Request.
  Time since last request: 4.466724 seconds.
  path: Assets/SimpleNaturePack/Textures/NaturePackLite_Texture_01.png
  artifactKey: Guid(28a51d508c86a8948b59df81d5188b17) Importer(815301076,1909f56bfc062723c751e8b465ee728b)
Start importing Assets/SimpleNaturePack/Textures/NaturePackLite_Texture_01.png using Guid(28a51d508c86a8948b59df81d5188b17) Importer(815301076,1909f56bfc062723c751e8b465ee728b)  -> (artifact id: '56ee70f211841c9455578a5c3534f92e') in 0.026038 seconds 
========================================================================
Received Import Request.
  Time since last request: 203.477785 seconds.
  path: Assets/Cartoon_Texture_Pack/_MaterialLibrary
  artifactKey: Guid(2b8bd8c8da4456646b1cb81a54a6ffdb) Importer(815301076,1909f56bfc062723c751e8b465ee728b)
Start importing Assets/Cartoon_Texture_Pack/_MaterialLibrary using Guid(2b8bd8c8da4456646b1cb81a54a6ffdb) Importer(815301076,1909f56bfc062723c751e8b465ee728b)  -> (artifact id: '8bb1bcdfe2edfd59a3da6f91eb9a57c8') in 0.007754 seconds 
========================================================================
Received Import Request.
  Time since last request: 0.073032 seconds.
  path: Assets/Cartoon_Texture_Pack/_MaterialLibrary/Material_Library_Reference.png
  artifactKey: Guid(3a6463e0803a8e845b99b863dde00116) Importer(815301076,1909f56bfc062723c751e8b465ee728b)
Start importing Assets/Cartoon_Texture_Pack/_MaterialLibrary/Material_Library_Reference.png using Guid(3a6463e0803a8e845b99b863dde00116) Importer(815301076,1909f56bfc062723c751e8b465ee728b)  -> (artifact id: '8edbfcc1a41a6069f0fc3a8c543292e4') in 0.017040 seconds 
========================================================================
Received Import Request.
  Time since last request: 4.107948 seconds.
  path: Assets/Cartoon_Texture_Pack/GRASS
  artifactKey: Guid(7678495fd012edc439fb5528125d6c99) Importer(815301076,1909f56bfc062723c751e8b465ee728b)
Start importing Assets/Cartoon_Texture_Pack/GRASS using Guid(7678495fd012edc439fb5528125d6c99) Importer(815301076,1909f56bfc062723c751e8b465ee728b)  -> (artifact id: '66e56a182f82ce2920d0e37f2f922563') in 0.006875 seconds 
========================================================================
Received Import Request.
  Time since last request: 1.517186 seconds.
  path: Assets/Cartoon_Texture_Pack/GRASS/GRASS_Dense
  artifactKey: Guid(c59516d0dd3db7945867e5751f80f3b2) Importer(815301076,1909f56bfc062723c751e8b465ee728b)
Start importing Assets/Cartoon_Texture_Pack/GRASS/GRASS_Dense using Guid(c59516d0dd3db7945867e5751f80f3b2) Importer(815301076,1909f56bfc062723c751e8b465ee728b)  -> (artifact id: '895c2344514636c2725a0cafb654dd09') in 0.007261 seconds 
========================================================================
Received Import Request.
  Time since last request: 0.667974 seconds.
  path: Assets/Cartoon_Texture_Pack/GRASS/GRASS_Dense/GRASS_Dense_Tint_01
  artifactKey: Guid(1eca2105b44efc5478cc82a1176c4e58) Importer(815301076,1909f56bfc062723c751e8b465ee728b)
Start importing Assets/Cartoon_Texture_Pack/GRASS/GRASS_Dense/GRASS_Dense_Tint_01 using Guid(1eca2105b44efc5478cc82a1176c4e58) Importer(815301076,1909f56bfc062723c751e8b465ee728b)  -> (artifact id: 'feb5604906b9059a4f1ec3207b312379') in 0.006571 seconds 
========================================================================
Received Import Request.
  Time since last request: 0.444515 seconds.
  path: Assets/Cartoon_Texture_Pack/GRASS/GRASS_Dense/GRASS_Dense_Tint_01/Materials
  artifactKey: Guid(5d681353adac0074aa6e17cfb6fec5dd) Importer(815301076,1909f56bfc062723c751e8b465ee728b)
Start importing Assets/Cartoon_Texture_Pack/GRASS/GRASS_Dense/GRASS_Dense_Tint_01/Materials using Guid(5d681353adac0074aa6e17cfb6fec5dd) Importer(815301076,1909f56bfc062723c751e8b465ee728b)  -> (artifact id: 'e77802855d1f4010ca1ff2334039bd80') in 0.002388 seconds 
========================================================================
Received Import Request.
  Time since last request: 0.080137 seconds.
  path: Assets/Cartoon_Texture_Pack/GRASS/GRASS_Dense/GRASS_Dense_Tint_01/Materials/Grass_Dense_Tint_01_Base_A.mat
  artifactKey: Guid(f9a94780aa94b7c4985400ab0bedcdbb) Importer(815301076,1909f56bfc062723c751e8b465ee728b)
Start importing Assets/Cartoon_Texture_Pack/GRASS/GRASS_Dense/GRASS_Dense_Tint_01/Materials/Grass_Dense_Tint_01_Base_A.mat using Guid(f9a94780aa94b7c4985400ab0bedcdbb) Importer(815301076,1909f56bfc062723c751e8b465ee728b)  -> (artifact id: 'fd71285e72f8004fd34fb08fd53e8642') in 0.281332 seconds 
========================================================================
Received Import Request.
  Time since last request: 0.000019 seconds.
  path: Assets/Cartoon_Texture_Pack/GRASS/GRASS_Dense/GRASS_Dense_Tint_01/Materials/Grass_Dense_Tint_01_Leaves_B.mat
  artifactKey: Guid(1840c20d50626ce4ab8618ff839493c5) Importer(815301076,1909f56bfc062723c751e8b465ee728b)
Start importing Assets/Cartoon_Texture_Pack/GRASS/GRASS_Dense/GRASS_Dense_Tint_01/Materials/Grass_Dense_Tint_01_Leaves_B.mat using Guid(1840c20d50626ce4ab8618ff839493c5) Importer(815301076,1909f56bfc062723c751e8b465ee728b)  -> (artifact id: 'bb11de8068974e47ca441294cdaf58fa') in 0.046460 seconds 
========================================================================
Received Import Request.
  Time since last request: 0.000023 seconds.
  path: Assets/Cartoon_Texture_Pack/GRASS/GRASS_Dense/GRASS_Dense_Tint_01/Materials/Grass_Dense_Tint_01_Base_C.mat
  artifactKey: Guid(19daeccbc664d8141990dd03570ee008) Importer(815301076,1909f56bfc062723c751e8b465ee728b)
Start importing Assets/Cartoon_Texture_Pack/GRASS/GRASS_Dense/GRASS_Dense_Tint_01/Materials/Grass_Dense_Tint_01_Base_C.mat using Guid(19daeccbc664d8141990dd03570ee008) Importer(815301076,1909f56bfc062723c751e8b465ee728b)  -> (artifact id: '37127a282080673a0ffa664dfd241873') in 0.026831 seconds 
========================================================================
Received Import Request.
  Time since last request: 7.910701 seconds.
  path: Assets/Cartoon_Texture_Pack/GRASS/GRASS_Dense/GRASS_Dense_Tint_01/Textures
  artifactKey: Guid(3419957ef37569a42b60b5fbc59cc6c4) Importer(815301076,1909f56bfc062723c751e8b465ee728b)
Start importing Assets/Cartoon_Texture_Pack/GRASS/GRASS_Dense/GRASS_Dense_Tint_01/Textures using Guid(3419957ef37569a42b60b5fbc59cc6c4) Importer(815301076,1909f56bfc062723c751e8b465ee728b)  -> (artifact id: '3af8975724a13263f12f831a3d8b7b31') in 0.006812 seconds 
========================================================================
Received Import Request.
  Time since last request: 0.092043 seconds.
  path: Assets/Cartoon_Texture_Pack/GRASS/GRASS_Dense/GRASS_Dense_Tint_01/Textures/Grass_Dense_Tint_01_Base_AO.png
  artifactKey: Guid(613465bcd7292c04e9e22cb9c2b62711) Importer(815301076,1909f56bfc062723c751e8b465ee728b)
Start importing Assets/Cartoon_Texture_Pack/GRASS/GRASS_Dense/GRASS_Dense_Tint_01/Textures/Grass_Dense_Tint_01_Base_AO.png using Guid(613465bcd7292c04e9e22cb9c2b62711) Importer(815301076,1909f56bfc062723c751e8b465ee728b)  -> (artifact id: 'e9fbe91edce6f6a8c0bca118dd894011') in 0.021010 seconds 
========================================================================
Received Import Request.
  Time since last request: 0.000019 seconds.
  path: Assets/Cartoon_Texture_Pack/GRASS/GRASS_Dense/GRASS_Dense_Tint_01/Textures/Grass_Dense_Tint_01_Leaves_B_Height.png
  artifactKey: Guid(8342664333482734c81dc32fe1b316f0) Importer(815301076,1909f56bfc062723c751e8b465ee728b)
Start importing Assets/Cartoon_Texture_Pack/GRASS/GRASS_Dense/GRASS_Dense_Tint_01/Textures/Grass_Dense_Tint_01_Leaves_B_Height.png using Guid(8342664333482734c81dc32fe1b316f0) Importer(815301076,1909f56bfc062723c751e8b465ee728b)  -> (artifact id: 'b83b5d6642592aed86c1d5ca8725176d') in 0.018085 seconds 
========================================================================
Received Import Request.
  Time since last request: 0.000035 seconds.
  path: Assets/Cartoon_Texture_Pack/GRASS/GRASS_Dense/GRASS_Dense_Tint_01/Textures/Grass_Dense_Tint_01_Leaves_A_Height.png
  artifactKey: Guid(1acd72c6baa7f814094ccf3696cab74a) Importer(815301076,1909f56bfc062723c751e8b465ee728b)
Start importing Assets/Cartoon_Texture_Pack/GRASS/GRASS_Dense/GRASS_Dense_Tint_01/Textures/Grass_Dense_Tint_01_Leaves_A_Height.png using Guid(1acd72c6baa7f814094ccf3696cab74a) Importer(815301076,1909f56bfc062723c751e8b465ee728b)  -> (artifact id: '7dda2a68b33082f3eed30baa7768b864') in 0.034488 seconds 
========================================================================
Received Import Request.
  Time since last request: 0.000018 seconds.
  path: Assets/Cartoon_Texture_Pack/GRASS/GRASS_Dense/GRASS_Dense_Tint_01/Textures/Grass_Dense_Tint_01_Leaves_B_Metallic.png
  artifactKey: Guid(f08728fc48f69d043ade98c5d8bd7de8) Importer(815301076,1909f56bfc062723c751e8b465ee728b)
Start importing Assets/Cartoon_Texture_Pack/GRASS/GRASS_Dense/GRASS_Dense_Tint_01/Textures/Grass_Dense_Tint_01_Leaves_B_Metallic.png using Guid(f08728fc48f69d043ade98c5d8bd7de8) Importer(815301076,1909f56bfc062723c751e8b465ee728b)  -> (artifact id: '31dac2510905a04cb84d4e02a338f378') in 0.022165 seconds 
========================================================================
Received Import Request.
  Time since last request: 0.000069 seconds.
  path: Assets/Cartoon_Texture_Pack/GRASS/GRASS_Dense/GRASS_Dense_Tint_01/Textures/Grass_Dense_Tint_01_Leaves_B_Basecolor.png
  artifactKey: Guid(1d2634ee9f36b834980539d2a726ef75) Importer(815301076,1909f56bfc062723c751e8b465ee728b)
Start importing Assets/Cartoon_Texture_Pack/GRASS/GRASS_Dense/GRASS_Dense_Tint_01/Textures/Grass_Dense_Tint_01_Leaves_B_Basecolor.png using Guid(1d2634ee9f36b834980539d2a726ef75) Importer(815301076,1909f56bfc062723c751e8b465ee728b)  -> (artifact id: 'a464963c231dca31fc38e480accdff48') in 0.020074 seconds 
========================================================================
Received Import Request.
  Time since last request: 0.000020 seconds.
  path: Assets/Cartoon_Texture_Pack/GRASS/GRASS_Dense/GRASS_Dense_Tint_01/Textures/Grass_Dense_Tint_01_Base_Metallic.png
  artifactKey: Guid(8e04de8547435554b8c484ffb2af8cab) Importer(815301076,1909f56bfc062723c751e8b465ee728b)
Start importing Assets/Cartoon_Texture_Pack/GRASS/GRASS_Dense/GRASS_Dense_Tint_01/Textures/Grass_Dense_Tint_01_Base_Metallic.png using Guid(8e04de8547435554b8c484ffb2af8cab) Importer(815301076,1909f56bfc062723c751e8b465ee728b)  -> (artifact id: 'c8c7cbfc35ce8b98f95ea545741b5667') in 0.023035 seconds 
========================================================================
Received Import Request.
  Time since last request: 0.000022 seconds.
  path: Assets/Cartoon_Texture_Pack/GRASS/GRASS_Dense/GRASS_Dense_Tint_01/Textures/Grass_Dense_Tint_01_Leaves_B_AO.png
  artifactKey: Guid(f7f1d2a9ada49584d83fd0238d35adb1) Importer(815301076,1909f56bfc062723c751e8b465ee728b)
Start importing Assets/Cartoon_Texture_Pack/GRASS/GRASS_Dense/GRASS_Dense_Tint_01/Textures/Grass_Dense_Tint_01_Leaves_B_AO.png using Guid(f7f1d2a9ada49584d83fd0238d35adb1) Importer(815301076,1909f56bfc062723c751e8b465ee728b)  -> (artifact id: 'b306d1cbeae2c0533a4a2f0dda1d00eb') in 0.023243 seconds 
========================================================================
Received Import Request.
  Time since last request: 0.000025 seconds.
  path: Assets/Cartoon_Texture_Pack/GRASS/GRASS_Dense/GRASS_Dense_Tint_01/Textures/Grass_Dense_Tint_01_Base_Height.png
  artifactKey: Guid(37c1e9a27bd81b34394f21e47a60898d) Importer(815301076,1909f56bfc062723c751e8b465ee728b)
Start importing Assets/Cartoon_Texture_Pack/GRASS/GRASS_Dense/GRASS_Dense_Tint_01/Textures/Grass_Dense_Tint_01_Base_Height.png using Guid(37c1e9a27bd81b34394f21e47a60898d) Importer(815301076,1909f56bfc062723c751e8b465ee728b)  -> (artifact id: '6f6d2b02cc6ff04664588dda2cc37d22') in 0.022359 seconds 
========================================================================
Received Import Request.
  Time since last request: 5.131336 seconds.
  path: Assets/Cartoon_Texture_Pack/GRASS/GRASS_Dense/GRASS_Dense_Tint_02
  artifactKey: Guid(5f87e0db746ad06429a970b446dc4509) Importer(815301076,1909f56bfc062723c751e8b465ee728b)
Start importing Assets/Cartoon_Texture_Pack/GRASS/GRASS_Dense/GRASS_Dense_Tint_02 using Guid(5f87e0db746ad06429a970b446dc4509) Importer(815301076,1909f56bfc062723c751e8b465ee728b)  -> (artifact id: '4a1c48942463f954afaa76677a5f78dc') in 0.007387 seconds 
